C51 COMPILER V9.60.0.0   LCD1602                                                           09/06/2021 13:29:23 PAGE 1   


C51 COMPILER V9.60.0.0, COMPILATION OF MODULE LCD1602
OBJECT MODULE PLACED IN .\Objects\lcd1602.obj
COMPILER INVOKED BY: C:\Keil_v5\C51\BIN\C51.EXE User\lcd1602\lcd1602.c OPTIMIZE(8,SPEED) BROWSE DEBUG OBJECTEXTEND PRINT
                    -(.\Listings\lcd1602.lst) TABS(2) OBJECT(.\Objects\lcd1602.obj)

line level    source

   1          #include <main.h>
   2          #include "lcd1602.h"
   3          // Ham Khoi Tao LCD
   4           void lcd1602_enable(void)
   5          {
   6   1        LCD_E=1;  
   7   1        delay_us(3);    
   8   1        LCD_E=0;
   9   1        delay_us(5);  
  10   1      }
  11          // --------------------------------------------------
  12          // Ham Gui 4 Bit Du Lieu Ra LCD
  13           void lcd1602_send_4bit_data ( unsigned char cX )
  14          {
  15   1       LCD_D4 = cX & 0x01; 
  16   1       LCD_D5 = (cX>>1)&1;
  17   1       LCD_D6 = (cX>>2)&1;
  18   1       LCD_D7 = (cX>>3)&1;
  19   1      }
  20          
  21          // --------------------------------------------------
  22          // Ham Gui 1 Lenh Cho LCD
  23           void lcd1602_send_command (unsigned char cX )
  24          {
  25   1        lcd1602_send_4bit_data  ( cX >>4 );     // send 4 bit high  
  26   1        lcd1602_enable() ;
  27   1        lcd1602_send_4bit_data ( cX  );         // send 4 bit low  
  28   1        lcd1602_enable() ;
  29   1      }
  30          
  31          // --------------------------------------------------
  32          // Ham Khoi Tao LCD
  33           void lcd1602_init ( void )
  34          {
  35   1        lcd1602_send_4bit_data ( 0x00 );
  36   1        delay_ms(200);
  37   1        
  38   1        LCD_RS=0; 
  39   1        LCD_RW=0;
  40   1        LCD_E=0;                                  // che do gui lenh
  41   1        
  42   1        lcd1602_send_4bit_data ( 0x03 );          // ket noi 8 bit
  43   1        lcd1602_enable() ;
  44   1        lcd1602_enable () ;
  45   1        lcd1602_enable () ;
  46   1        lcd1602_send_4bit_data ( 0x02 );          // ket noi 4 bit
  47   1        lcd1602_enable() ;
  48   1        
  49   1        lcd1602_send_command( 0x2C );             // giao thuc 4 bit, hien thi 2 hang, ki tu 5x8
  50   1        lcd1602_send_command( 0x80);
  51   1        lcd1602_send_command( 0x0C);              // cho phep hien thi man hinh
  52   1        lcd1602_send_command( 0x06 );             // tang ID, khong dich khung hinh
  53   1        lcd1602_send_command( CLEAR_LCD );        // xoa toan bo khung hinh
  54   1      }
C51 COMPILER V9.60.0.0   LCD1602                                                           09/06/2021 13:29:23 PAGE 2   

  55          
  56          // --------------------------------------------------
  57          // Ham Thiet Lap Vi Tri Con Tro
  58          void lcd1602_gotoxy(unsigned char x, unsigned char y)
  59          {
  60   1        unsigned char address;
  61   1        if(!y)
  62   1        address = (LINE_1+x);
  63   1        else
  64   1        address = (LINE_2+x);
  65   1        delay_ms(3);
  66   1        lcd1602_send_command(address);
  67   1        delay_ms(1);
  68   1      }
  69          
  70          // --------------------------------------------------
  71          // Ham Xoa Man Hinh LCD
  72          void lcd1602_clear(void)
  73          {
  74   1        lcd1602_send_command( CLEAR_LCD );  
  75   1        //delay_us(300);
  76   1      }
  77          
  78          // --------------------------------------------------
  79          // Ham Gui 1 Ky Tu Len LCD
  80           void lcd1602_putchar ( unsigned int cX )
  81          {
  82   1        LCD_RS=1; 
  83   1        lcd1602_send_command( cX );
  84   1        LCD_RS=0;
  85   1      }
  86          
  87          // --------------------------------------------------
  88          // Ham Gui 1 Chuoi Ky Tu Len LCD
  89          void lcd1602_puts(char *s)
  90          {
  91   1         while (*s)
  92   1         {
  93   2            lcd1602_putchar(*s);
  94   2            s++;
  95   2         }
  96   1      }
  97          
  98          
  99          
 100          
 101          
 102          


MODULE INFORMATION:   STATIC OVERLAYABLE
   CODE SIZE        =    216    ----
   CONSTANT SIZE    =   ----    ----
   XDATA SIZE       =   ----    ----
   PDATA SIZE       =   ----    ----
   DATA SIZE        =   ----       5
   IDATA SIZE       =   ----    ----
   BIT SIZE         =   ----    ----
END OF MODULE INFORMATION.


C51 COMPILATION COMPLETE.  0 WARNING(S),  0 ERROR(S)
