C51 COMPILER V9.60.0.0   MAIN                                                              09/06/2021 13:45:03 PAGE 1   


C51 COMPILER V9.60.0.0, COMPILATION OF MODULE MAIN
OBJECT MODULE PLACED IN .\Objects\main.obj
COMPILER INVOKED BY: C:\Keil_v5\C51\BIN\C51.EXE main.c OPTIMIZE(8,SPEED) BROWSE DEBUG OBJECTEXTEND PRINT(.\Listings\main
                    -.lst) TABS(2) OBJECT(.\Objects\main.obj)

line level    source

   1          #include "main.h"
   2          #include <stdio.h>
   3          #include <string.h>
   4          
   5            
   6          void bytes2hex (unsigned char *src, char *out, int len)
   7          {
   8   1          static char HexLookUp[] = "0123456789ABCDEF";  
   9   1          while(len--)
  10   1          {
  11   2              *out++ = HexLookUp[*src >> 4];
  12   2              *out++ = HexLookUp[*src & 0x0F];
  13   2              src++;
  14   2          }
  15   1          *out = 0;
  16   1      }
  17          
  18          void main(void)
  19          {
  20   1        unsigned char key = 0x00;
  21   1        unsigned char datatext[8] = {0};
  22   1        lcd1602_init();
  23   1        
  24   1        UART_Init();
  25   1        UART_Puts("BAO DEP TRAI\n");
  26   1        delay_ms(1000);
  27   1        UART_Puts("duonggiabao278@gmail.com\n");
  28   1        SBUF = 0x00;
  29   1        lcd1602_gotoxy(0,0);
  30   1        lcd1602_puts("BAO DEP TRAI");
  31   1        lcd1602_gotoxy(0,1);
  32   1        lcd1602_puts("Data: ");
  33   1        lcd1602_gotoxy(11,1);
  34   1        lcd1602_puts("HEX");
  35   1        while(1)
  36   1        {
  37   2          if(RI==1)
  38   2          {
  39   3            RI=0;
  40   3            key=SBUF;
  41   3            P1 = ~key;
  42   3            P0_0 = ~P0_0;
  43   3            bytes2hex(&key,&datatext,1);
  44   3            lcd1602_gotoxy(7,1);
  45   3            lcd1602_puts(datatext);
  46   3          }
  47   2        }
  48   1      }
  49          


MODULE INFORMATION:   STATIC OVERLAYABLE
   CODE SIZE        =    268    ----
   CONSTANT SIZE    =     72    ----
C51 COMPILER V9.60.0.0   MAIN                                                              09/06/2021 13:45:03 PAGE 2   

   XDATA SIZE       =   ----    ----
   PDATA SIZE       =   ----    ----
   DATA SIZE        =     17      17
   IDATA SIZE       =   ----    ----
   BIT SIZE         =   ----    ----
END OF MODULE INFORMATION.


C51 COMPILATION COMPLETE.  0 WARNING(S),  0 ERROR(S)
