C51 COMPILER V9.60.0.0   UART                                                              09/06/2021 13:45:03 PAGE 1   


C51 COMPILER V9.60.0.0, COMPILATION OF MODULE UART
OBJECT MODULE PLACED IN .\Objects\uart.obj
COMPILER INVOKED BY: C:\Keil_v5\C51\BIN\C51.EXE User\uart\uart.c OPTIMIZE(8,SPEED) BROWSE DEBUG OBJECTEXTEND PRINT(.\Lis
                    -tings\uart.lst) TABS(2) OBJECT(.\Objects\uart.obj)

line level    source

   1          #include "uart.h"
   2          static unsigned char tran_busy;
   3          void UART_Init(void)
   4          {
   5   1        #ifdef UART_USE_TIMER1
                TMOD&=0x0f;
                TMOD |= 0x20;  //Timer 1 mode 2.
                TL1 = 0xFD;       
                TH1 = 0xFD;   // baud rate =9600          
                TR1 = 1;
                #endif
  12   1        #ifdef UART_USE_TIMER2
  13   1        RCLK=1;
  14   1        TCLK=1; //Timer 2: Baud Rate Generator
  15   1        RCAP2L  = 0xDC;  //Baud Rate 9600
  16   1        RCAP2H  = 0xFF; //Baud Rate 9600
  17   1        TR2=1;
  18   1        #endif
  19   1        ES = 1;       // Kich hoat ngat UART.
  20   1        IP = 0x10;    // Thiet lap muc uu tien cho ngat UART. 
  21   1        SCON = 0x50;  // Chon che do UART mode 1.
  22   1        PCON=PCON&(~(0x80));//khong nhan doi toc do baud. 
  23   1        EA=1;
  24   1      }
  25          void UART_PutChar(unsigned char c)
  26          {
  27   1        tran_busy = 1; 
  28   1        SBUF = c; 
  29   1        while(tran_busy); 
  30   1      }
  31          unsigned char UART_GetChar(void)
  32          { 
  33   1        unsigned char temp=0;
  34   1        if(RI==1)
  35   1        {
  36   2          RI=0;
  37   2          temp=SBUF;
  38   2        }
  39   1        return temp;
  40   1      }
  41          
  42          void Ngat_Uart(void) interrupt 4
  43          {
  44   1        if(TI==1)
  45   1          {
  46   2            TI=0;
  47   2            tran_busy=0;
  48   2          }
  49   1      }
  50          void UART_Puts(unsigned char *s)
  51          {
  52   1        while (*s)
  53   1         {
  54   2            UART_PutChar(*s);
C51 COMPILER V9.60.0.0   UART                                                              09/06/2021 13:45:03 PAGE 2   

  55   2            s++;
  56   2         }
  57   1      }


MODULE INFORMATION:   STATIC OVERLAYABLE
   CODE SIZE        =     74    ----
   CONSTANT SIZE    =   ----    ----
   XDATA SIZE       =   ----    ----
   PDATA SIZE       =   ----    ----
   DATA SIZE        =      1    ----
   IDATA SIZE       =   ----    ----
   BIT SIZE         =   ----    ----
END OF MODULE INFORMATION.


C51 COMPILATION COMPLETE.  0 WARNING(S),  0 ERROR(S)
